\BOOKMARK [0][-]{chapter.2}{\376\377\000F\000r\000o\000m\000\040\000N\000e\000w\000t\000o\000n\000'\000s\000\040\000f\000o\000r\000m\000u\000l\000a\000e\000\040\000t\000o\000\040\000B\000-\000s\000p\000l\000i\000n\000e\000s}{}% 1
\BOOKMARK [1][-]{section.3}{\376\377\000`\000`\000C\000l\000a\000s\000s\000i\000c\000a\000l\000'\000'\000\040\000i\000n\000t\000e\000r\000p\000o\000l\000a\000t\000i\000o\000n\000\040\000t\000h\000e\000o\000r\000y}{chapter.2}% 2
\BOOKMARK [2][-]{subsection.7}{\376\377\000D\000i\000s\000t\000i\000n\000c\000t\000\040\000l\000o\000c\000a\000t\000i\000o\000n\000s}{section.3}% 3
\BOOKMARK [2][-]{subsection.14}{\376\377\000A\000r\000b\000i\000t\000r\000a\000r\000y\000\040\000l\000o\000c\000a\000t\000i\000o\000n\000s}{section.3}% 4
\BOOKMARK [2][-]{subsection.27}{\376\377\000F\000r\000o\000m\000\040\000p\000o\000l\000y\000n\000o\000m\000i\000a\000l\000\040\000t\000o\000\040\000p\000i\000e\000c\000e\000w\000i\000s\000e\000-\000p\000o\000l\000y\000n\000o\000m\000i\000a\000l}{section.3}% 5
\BOOKMARK [1][-]{section.34}{\376\377\000I\000n\000t\000r\000o\000d\000u\000c\000t\000i\000o\000n\000\040\000t\000o\000\040\000s\000p\000l\000i\000n\000e\000s}{chapter.2}% 6
\BOOKMARK [2][-]{subsection.35}{\376\377\000D\000e\000f\000i\000n\000i\000t\000i\000o\000n\000s}{section.34}% 7
\BOOKMARK [2][-]{subsection.39}{\376\377\000S\000c\000h\000o\000e\000n\000b\000e\000r\000g\000'\000s\000\040\000c\000a\000r\000d\000i\000n\000a\000l\000\040\000s\000p\000l\000i\000n\000e\000s}{section.34}% 8
\BOOKMARK [2][-]{subsection.56}{\376\377\000D\000e\000\040\000B\000o\000o\000r\000'\000s\000\040\000r\000e\000v\000e\000r\000s\000e\000d\000\040\000d\000e\000f\000i\000n\000i\000t\000i\000o\000n}{section.34}% 9
\BOOKMARK [0][-]{chapter.75}{\376\377\000T\000h\000e\000\040\000H\000e\000r\000m\000i\000t\000e\000\040\000i\000n\000t\000e\000r\000p\000o\000l\000a\000t\000i\000o\000n\000\040\000p\000r\000o\000b\000l\000e\000m}{}% 10
\BOOKMARK [1][-]{section.76}{\376\377\000S\000c\000h\000o\000e\000n\000b\000e\000r\000g\000'\000s\000\040\000t\000h\000e\000o\000r\000e\000m\000s}{chapter.75}% 11
\BOOKMARK [2][-]{subsection.77}{\376\377\000T\000h\000e\000\040\000c\000a\000r\000d\000i\000n\000a\000l\000\040\000H\000e\000r\000m\000i\000t\000e\000\040\000i\000n\000t\000e\000r\000p\000o\000l\000a\000t\000i\000o\000n\000\040\000p\000r\000o\000b\000l\000e\000m}{section.76}% 12
\BOOKMARK [2][-]{subsection.91}{\376\377\000S\000p\000l\000i\000n\000e\000\040\000i\000n\000t\000e\000r\000p\000o\000l\000a\000n\000t\000\040\000t\000o\000\040\000s\000e\000q\000u\000e\000n\000c\000e\000s\000\040\000o\000f\000\040\000p\000o\000w\000e\000r\000\040\000g\000r\000o\000w\000t\000h}{section.76}% 13
\BOOKMARK [1][-]{section.102}{\376\377\000H\000e\000r\000m\000i\000t\000e\000\040\000B\000-\000s\000p\000l\000i\000n\000e\000s}{chapter.75}% 14
\BOOKMARK [2][-]{subsection.104}{\376\377\000D\000e\000f\000i\000n\000i\000t\000i\000o\000n\000\040\000f\000r\000o\000m\000\040\000f\000u\000n\000d\000a\000m\000e\000n\000t\000a\000l\000\040\000s\000p\000l\000i\000n\000e\000s}{section.102}% 15
\BOOKMARK [2][-]{subsection.110}{\376\377\000H\000e\000r\000m\000i\000t\000e\000\040\000B\000-\000s\000p\000l\000i\000n\000e\000s\000\040\000f\000o\000r\000m\000\040\000a\000\040\000b\000a\000s\000i\000s}{section.102}% 16
\BOOKMARK [1][-]{section.118}{\376\377\000A\000p\000p\000l\000i\000c\000a\000t\000i\000o\000n\000s\000\040\000t\000o\000\040\000b\000i\000o\000-\000i\000m\000a\000g\000e\000\040\000a\000n\000a\000l\000y\000s\000i\000s}{chapter.75}% 17
\BOOKMARK [2][-]{subsection.119}{\376\377\000M\000o\000d\000e\000l\000l\000i\000n\000g\000\040\000o\000f\000\040\0002\000D\000\040\000c\000o\000n\000t\000o\000u\000r\000s}{section.118}% 18
\BOOKMARK [3][-]{section*.120}{\376\377\000H\000e\000r\000m\000i\000t\000e\000\040\000p\000o\000l\000y\000n\000o\000m\000i\000a\000l}{subsection.119}% 19
\BOOKMARK [3][-]{section*.126}{\376\377\000H\000e\000r\000m\000i\000t\000e\000\040\000e\000x\000p\000o\000n\000e\000n\000t\000i\000a\000l}{subsection.119}% 20
\BOOKMARK [2][-]{subsection.128}{\376\377\000M\000o\000d\000e\000l\000l\000i\000n\000g\000\040\000o\000f\000\040\0003\000D\000,\000\040\000s\000p\000h\000e\000r\000e\000-\000l\000i\000k\000e\000\040\000s\000u\000r\000f\000a\000c\000e\000s}{section.118}% 21
\BOOKMARK [3][-]{section*.129}{\376\377\000H\000e\000r\000m\000i\000t\000e\000\040\000e\000x\000p\000o\000n\000e\000n\000t\000i\000a\000l}{subsection.128}% 22
\BOOKMARK [2][-]{subsection.130}{\376\377\000T\000h\000e\000\040\000p\000r\000o\000b\000l\000e\000m\000\040\000o\000f\000\040\000c\000r\000o\000s\000s\000-\000d\000e\000r\000i\000v\000a\000t\000i\000v\000e\000s}{section.118}% 23
\BOOKMARK [0][-]{chapter.131}{\376\377\000G\000e\000n\000e\000r\000a\000l\000\040\000p\000r\000o\000p\000e\000r\000t\000i\000e\000s\000\040\000o\000f\000\040\000H\000e\000r\000m\000i\000t\000e\000\040\000B\000-\000s\000p\000l\000i\000n\000e\000s}{}% 24
\BOOKMARK [1][-]{section.132}{\376\377\000F\000o\000u\000r\000i\000e\000r\000\040\000t\000r\000a\000n\000s\000f\000o\000r\000m\000s}{chapter.131}% 25
\BOOKMARK [2][-]{subsection.137}{\376\377\000L\000e\000e\000'\000s\000\040\000g\000e\000n\000e\000r\000a\000l\000\040\000f\000o\000r\000m\000u\000l\000a\000s}{section.132}% 26
\BOOKMARK [2][-]{subsection.153}{\376\377\000T\000h\000e\000\040\000c\000a\000s\000e\000\040\000o\000f\000\040\000c\000o\000m\000p\000a\000c\000t\000\040\000f\000u\000n\000d\000a\000m\000e\000n\000t\000a\000l\000\040\000s\000p\000l\000i\000n\000e\000s}{section.132}% 27
\BOOKMARK [1][-]{section.162}{\376\377\000H\000e\000r\000m\000i\000t\000e\000\040\000B\000-\000s\000p\000l\000i\000n\000e\000s\000\040\000\046\000\040\000R\000i\000e\000s\000z\000-\000S\000c\000h\000a\000u\000d\000e\000r\000\040\000b\000a\000s\000i\000s}{chapter.131}% 28
\BOOKMARK [2][-]{subsection.171}{\376\377\000F\000u\000n\000c\000t\000i\000o\000n\000s\000\040\000i\000n\000\040\000g}{section.162}% 29
\BOOKMARK [2][-]{subsection.187}{\376\377\000R\000e\000g\000u\000l\000a\000r\000\040\000f\000u\000n\000c\000t\000i\000o\000n\000s\000\040\000i\000n\000\040\000g}{section.162}% 30
\BOOKMARK [2][-]{subsection.197}{\376\377\000V\000e\000c\000t\000o\000r\000i\000a\000l\000\040\000s\000e\000q\000u\000e\000n\000c\000e\000s\000\040\000o\000f\000\040\000c\000o\000e\000f\000f\000i\000c\000i\000e\000n\000t\000s}{section.162}% 31
\BOOKMARK [1][-]{section.198}{\376\377\000S\000u\000p\000p\000o\000r\000t\000\040\000a\000n\000d\000\040\000a\000p\000p\000r\000o\000x\000i\000m\000a\000t\000i\000o\000n}{chapter.131}% 32
\BOOKMARK [0][-]{appendix.201}{\376\377\000A\000n\000n\000e\000x\000\040\000f\000o\000r\000\040\000p\000r\000o\000o\000f\000s}{}% 33
\BOOKMARK [1][-]{section.202}{\376\377\000P\000r\000o\000o\000f\000\040\000o\000f\000\040\000L\000e\000m\000m\000a\000\040\0002\000.\0001}{appendix.201}% 34
\BOOKMARK [1][-]{section.203}{\376\377\000P\000r\000o\000o\000f\000\040\000o\000f\000\040\000L\000e\000m\000m\000a\000\040\0002\000.\0003}{appendix.201}% 35
\BOOKMARK [1][-]{section.204}{\376\377\000P\000r\000o\000o\000f\000\040\000o\000f\000\040\000T\000h\000e\000o\000r\000e\000m\000\040\0003\000.\0001}{appendix.201}% 36
\BOOKMARK [1][-]{section.221}{\376\377\000P\000r\000o\000o\000f\000\040\000o\000f\000\040\000L\000e\000m\000m\000a\000\040\0003\000.\0002}{appendix.201}% 37
\BOOKMARK [0][-]{appendix.225}{\376\377\000T\000h\000e\000\040\000s\000p\000l\000i\000n\000e\000s\000\040\000z\000o\000o}{}% 38
\BOOKMARK [1][-]{section.234}{\376\377\000P\000o\000l\000y\000n\000o\000m\000i\000a\000l\000\040\000s\000p\000l\000i\000n\000e\000s}{appendix.225}% 39
\BOOKMARK [2][-]{subsection.235}{\376\377\000G\000e\000n\000e\000r\000a\000l\000\040\000B\000-\000s\000p\000l\000i\000n\000e\000s}{section.234}% 40
\BOOKMARK [2][-]{subsection.240}{\376\377\000C\000a\000r\000d\000i\000n\000a\000l\000\040\000s\000p\000l\000i\000n\000e\000s}{section.234}% 41
\BOOKMARK [2][-]{subsection.242}{\376\377\000E\000x\000p\000o\000n\000e\000n\000t\000i\000a\000l\000\040\000s\000p\000l\000i\000n\000e\000s}{section.234}% 42
\BOOKMARK [2][-]{subsection.257}{\376\377\000E\000i\000g\000e\000n\000s\000p\000l\000i\000n\000e\000s\000\040\000L\000g\000,\000\040\000f\000u\000n\000d\000a\000m\000e\000n\000t\000a\000l\000\040\000s\000p\000l\000i\000n\000e\000s\000\040\000L\000g}{section.234}% 43
\BOOKMARK [2][-]{subsection.287}{\376\377\000E\000x\000p\000o\000n\000e\000n\000t\000i\000a\000l\000\040\000E\000u\000l\000e\000r\000-\000H\000e\000r\000m\000i\000t\000e\000\040\000s\000p\000l\000i\000n\000e\000s}{section.234}% 44
\BOOKMARK [2][-]{subsection.295}{\376\377\000H\000e\000r\000m\000i\000t\000e\000\040\000B\000-\000s\000p\000l\000i\000n\000e\000s}{section.234}% 45
\BOOKMARK [1][-]{section.296}{\376\377\000E\000x\000p\000o\000n\000e\000n\000t\000i\000a\000l\000\040\000s\000p\000l\000i\000n\000e\000s}{appendix.225}% 46
\BOOKMARK [2][-]{subsection.297}{\376\377\000G\000r\000e\000e\000n\000'\000s\000\040\000f\000u\000n\000c\000t\000i\000o\000n\000\040\000o\000f\000\040\000d\000i\000f\000f\000e\000r\000e\000n\000t\000i\000a\000l\000\040\000o\000p\000e\000r\000a\000t\000o\000r}{section.296}% 47
\BOOKMARK [2][-]{subsection.307}{\376\377\000E\000x\000p\000o\000n\000e\000n\000t\000i\000a\000l\000\040\000s\000p\000l\000i\000n\000e\000s\000\040\000a\000n\000d\000\040\000B\000-\000s\000p\000l\000i\000n\000e\000s}{section.296}% 48
